<?xml version="1.0" encoding="UTF-8"?>
<!-- Generated by org.testng.reporters.JUnitReportReporter -->
<testsuite skipped="0" hostname="myLearnovo5" name="bobchos.bar.Test.PlaceOrderTest" tests="1" failures="0" timestamp="25 Jun 2024 06:56:46 GMT" time="9.177" errors="0">
  <testcase name="placeOrder" time="9.177" classname="bobchos.bar.Test.PlaceOrderTest"/>
</testsuite> <!-- bobchos.bar.Test.PlaceOrderTest -->
